<?xml version="1.0" encoding="UTF-8"?>
<testng-results ignored="0" total="2" passed="2" failed="0" skipped="0">
  <reporter-output>
  </reporter-output>
  <suite started-at="2023-03-17T11:51:58 IST" name="All Test Suite" finished-at="2023-03-17T11:52:12 IST" duration-ms="13695">
    <groups>
      <group name="Master">
        <method signature="TC_001_AccountRegTest.account_Registration()[pri:0, instance:testCases.TC_001_AccountRegTest@1a482e36]" name="account_Registration" class="testCases.TC_001_AccountRegTest"/>
        <method signature="TC_002_LoginTest.test_Login()[pri:0, instance:testCases.TC_002_LoginTest@6cf0e0ba]" name="test_Login" class="testCases.TC_002_LoginTest"/>
      </group> <!-- Master -->
      <group name="Sanity">
        <method signature="TC_002_LoginTest.test_Login()[pri:0, instance:testCases.TC_002_LoginTest@6cf0e0ba]" name="test_Login" class="testCases.TC_002_LoginTest"/>
      </group> <!-- Sanity -->
      <group name="Regression">
        <method signature="TC_001_AccountRegTest.account_Registration()[pri:0, instance:testCases.TC_001_AccountRegTest@1a482e36]" name="account_Registration" class="testCases.TC_001_AccountRegTest"/>
      </group> <!-- Regression -->
    </groups>
    <test started-at="2023-03-17T11:51:58 IST" name="Test" finished-at="2023-03-17T11:52:12 IST" duration-ms="13695">
      <class name="testCases.TC_001_AccountRegTest">
        <test-method is-config="true" signature="setup(java.lang.String)[pri:0, instance:testCases.TC_001_AccountRegTest@1a482e36]" started-at="2023-03-17T11:51:59 IST" name="setup" finished-at="2023-03-17T11:52:04 IST" duration-ms="5428" status="PASS">
          <params>
            <param index="0">
              <value>
                <![CDATA[chrome]]>
              </value>
            </param>
          </params>
          <reporter-output>
          </reporter-output>
        </test-method> <!-- setup -->
        <test-method signature="account_Registration()[pri:0, instance:testCases.TC_001_AccountRegTest@1a482e36]" started-at="2023-03-17T11:52:04 IST" name="account_Registration" finished-at="2023-03-17T11:52:06 IST" duration-ms="2096" status="PASS">
          <reporter-output>
          </reporter-output>
        </test-method> <!-- account_Registration -->
        <test-method is-config="true" signature="tearDown()[pri:0, instance:testCases.TC_001_AccountRegTest@1a482e36]" started-at="2023-03-17T11:52:06 IST" name="tearDown" finished-at="2023-03-17T11:52:06 IST" duration-ms="179" status="PASS">
          <reporter-output>
          </reporter-output>
        </test-method> <!-- tearDown -->
      </class> <!-- testCases.TC_001_AccountRegTest -->
      <class name="testCases.TC_002_LoginTest">
        <test-method is-config="true" signature="setup(java.lang.String)[pri:0, instance:testCases.TC_002_LoginTest@6cf0e0ba]" started-at="2023-03-17T11:52:06 IST" name="setup" finished-at="2023-03-17T11:52:10 IST" duration-ms="3851" status="PASS">
          <params>
            <param index="0">
              <value>
                <![CDATA[chrome]]>
              </value>
            </param>
          </params>
          <reporter-output>
          </reporter-output>
        </test-method> <!-- setup -->
        <test-method signature="test_Login()[pri:0, instance:testCases.TC_002_LoginTest@6cf0e0ba]" started-at="2023-03-17T11:52:10 IST" name="test_Login" finished-at="2023-03-17T11:52:12 IST" duration-ms="1733" status="PASS">
          <reporter-output>
          </reporter-output>
        </test-method> <!-- test_Login -->
        <test-method is-config="true" signature="tearDown()[pri:0, instance:testCases.TC_002_LoginTest@6cf0e0ba]" started-at="2023-03-17T11:52:12 IST" name="tearDown" finished-at="2023-03-17T11:52:12 IST" duration-ms="85" status="PASS">
          <reporter-output>
          </reporter-output>
        </test-method> <!-- tearDown -->
      </class> <!-- testCases.TC_002_LoginTest -->
    </test> <!-- Test -->
  </suite> <!-- All Test Suite -->
</testng-results>
