<?xml version="1.0" encoding="UTF-8"?>
<testng-results ignored="0" total="2" passed="2" failed="0" skipped="0">
  <reporter-output>
  </reporter-output>
  <suite started-at="2023-03-17T13:19:12 IST" name="All Test Suite" finished-at="2023-03-17T13:19:28 IST" duration-ms="15833">
    <groups>
      <group name="Master">
        <method signature="TC_001_AccountRegTest.account_Registration()[pri:0, instance:testCases.TC_001_AccountRegTest@57a3af25]" name="account_Registration" class="testCases.TC_001_AccountRegTest"/>
        <method signature="TC_002_LoginTest.test_Login()[pri:0, instance:testCases.TC_002_LoginTest@223191a6]" name="test_Login" class="testCases.TC_002_LoginTest"/>
      </group> <!-- Master -->
      <group name="Sanity">
        <method signature="TC_002_LoginTest.test_Login()[pri:0, instance:testCases.TC_002_LoginTest@223191a6]" name="test_Login" class="testCases.TC_002_LoginTest"/>
      </group> <!-- Sanity -->
      <group name="Regression">
        <method signature="TC_001_AccountRegTest.account_Registration()[pri:0, instance:testCases.TC_001_AccountRegTest@57a3af25]" name="account_Registration" class="testCases.TC_001_AccountRegTest"/>
      </group> <!-- Regression -->
    </groups>
    <test started-at="2023-03-17T13:19:12 IST" name="Test" finished-at="2023-03-17T13:19:28 IST" duration-ms="15833">
      <class name="testCases.TC_001_AccountRegTest">
        <test-method is-config="true" signature="setup(java.lang.String)[pri:0, instance:testCases.TC_001_AccountRegTest@57a3af25]" started-at="2023-03-17T13:19:13 IST" name="setup" finished-at="2023-03-17T13:19:20 IST" duration-ms="6809" status="PASS">
          <params>
            <param index="0">
              <value>
                <![CDATA[chrome]]>
              </value>
            </param>
          </params>
          <reporter-output>
          </reporter-output>
        </test-method> <!-- setup -->
        <test-method signature="account_Registration()[pri:0, instance:testCases.TC_001_AccountRegTest@57a3af25]" started-at="2023-03-17T13:19:20 IST" name="account_Registration" finished-at="2023-03-17T13:19:22 IST" duration-ms="2160" status="PASS">
          <reporter-output>
          </reporter-output>
        </test-method> <!-- account_Registration -->
        <test-method is-config="true" signature="tearDown()[pri:0, instance:testCases.TC_001_AccountRegTest@57a3af25]" started-at="2023-03-17T13:19:22 IST" name="tearDown" finished-at="2023-03-17T13:19:22 IST" duration-ms="336" status="PASS">
          <reporter-output>
          </reporter-output>
        </test-method> <!-- tearDown -->
      </class> <!-- testCases.TC_001_AccountRegTest -->
      <class name="testCases.TC_002_LoginTest">
        <test-method is-config="true" signature="setup(java.lang.String)[pri:0, instance:testCases.TC_002_LoginTest@223191a6]" started-at="2023-03-17T13:19:22 IST" name="setup" finished-at="2023-03-17T13:19:26 IST" duration-ms="4226" status="PASS">
          <params>
            <param index="0">
              <value>
                <![CDATA[chrome]]>
              </value>
            </param>
          </params>
          <reporter-output>
          </reporter-output>
        </test-method> <!-- setup -->
        <test-method signature="test_Login()[pri:0, instance:testCases.TC_002_LoginTest@223191a6]" started-at="2023-03-17T13:19:26 IST" name="test_Login" finished-at="2023-03-17T13:19:28 IST" duration-ms="1792" status="PASS">
          <reporter-output>
          </reporter-output>
        </test-method> <!-- test_Login -->
        <test-method is-config="true" signature="tearDown()[pri:0, instance:testCases.TC_002_LoginTest@223191a6]" started-at="2023-03-17T13:19:28 IST" name="tearDown" finished-at="2023-03-17T13:19:28 IST" duration-ms="114" status="PASS">
          <reporter-output>
          </reporter-output>
        </test-method> <!-- tearDown -->
      </class> <!-- testCases.TC_002_LoginTest -->
    </test> <!-- Test -->
  </suite> <!-- All Test Suite -->
</testng-results>
