<?xml version="1.0" encoding="UTF-8"?>
<!-- Generated by org.testng.reporters.JUnitXMLReporter -->
<testsuite ignored="0" hostname="DESKTOP-3KUK867" failures="0" tests="5" name="Test" time="46.806" errors="0" timestamp="2023-03-20T13:32:58 IST">
  <testcase classname="testCases.TC_001_AccountRegTest" name="account_Registration" time="2.184"/>
  <testcase classname="testCases.TC_002_LoginTest" name="test_Login" time="2.467"/>
  <testcase classname="testCases.TC_004_SearchTest" name="test_SearchProduct" time="3.232"/>
  <testcase classname="testCases.TC_005_AddToCartTest" name="test_addToCart" time="4.571"/>
  <testcase classname="testCases.TC_006_EndToEndTest" name="test_EndtoEnd" time="8.33"/>
</testsuite> <!-- Test -->
